Building DAG of jobs...
Using shell: /usr/bin/bash
Provided cores: 1 (use --cores to define parallelism)
Rules claiming more threads will be scaled down.
Job stats:
job                            count
---------------------------  -------
all                                1
load_query_distribution            1
load_reference_distribution        1
plot_rescaled_distribution         1
rescale_to_reference               1
total                              5

Select jobs to execute...

[Fri Nov  1 11:48:35 2024]
rule load_reference_distribution:
    input: reference.hist
    output: reference_normalized.txt
    jobid: 2
    reason: Code has changed since last execution
    resources: tmpdir=/tmp

[Fri Nov  1 11:48:37 2024]
Finished job 2.
1 of 5 steps (20%) done
Select jobs to execute...

[Fri Nov  1 11:48:37 2024]
rule load_query_distribution:
    input: shuf.a.bed.gz
    output: query_distribution.txt
    jobid: 3
    reason: Code has changed since last execution
    resources: tmpdir=/tmp

[Fri Nov  1 11:49:04 2024]
Finished job 3.
2 of 5 steps (40%) done
Select jobs to execute...

[Fri Nov  1 11:49:04 2024]
rule rescale_to_reference:
    input: reference_normalized.txt, query_distribution.txt
    output: rescaled_samples.txt
    jobid: 1
    reason: Missing output files: rescaled_samples.txt; Input files updated by another job: query_distribution.txt, reference_normalized.txt
    resources: tmpdir=/tmp

[Fri Nov  1 11:49:07 2024]
Finished job 1.
3 of 5 steps (60%) done
Select jobs to execute...

[Fri Nov  1 11:49:07 2024]
rule plot_rescaled_distribution:
    input: reference_normalized.txt, rescaled_samples.txt
    output: rescale_plot.png
    jobid: 4
    reason: Input files updated by another job: rescaled_samples.txt, reference_normalized.txt
    resources: tmpdir=/tmp

[Fri Nov  1 11:49:10 2024]
Finished job 4.
4 of 5 steps (80%) done
Select jobs to execute...

[Fri Nov  1 11:49:10 2024]
localrule all:
    input: rescaled_samples.txt, rescale_plot.png
    jobid: 0
    reason: Input files updated by another job: rescaled_samples.txt, rescale_plot.png
    resources: tmpdir=/tmp

[Fri Nov  1 11:49:10 2024]
Finished job 0.
5 of 5 steps (100%) done
Complete log: .snakemake/log/2024-11-01T114835.110251.snakemake.log
