Building DAG of jobs...
Using shell: /usr/bin/bash
Provided cores: 1 (use --cores to define parallelism)
Rules claiming more threads will be scaled down.
Job stats:
job                            count
---------------------------  -------
all                                1
load_query_distribution            1
load_reference_distribution        1
plot_rescaled_distribution         1
rescale_to_reference               1
total                              5

Select jobs to execute...

[Fri Nov  1 11:09:04 2024]
rule load_reference_distribution:
    input: reference.hist
    output: reference_normalized.txt
    jobid: 2
    reason: Missing output files: reference_normalized.txt
    resources: tmpdir=/tmp

[Fri Nov  1 11:09:14 2024]
Finished job 2.
1 of 5 steps (20%) done
Select jobs to execute...

[Fri Nov  1 11:09:14 2024]
rule load_query_distribution:
    input: shuf.a.bed.gz
    output: query_distribution.txt
    jobid: 3
    reason: Missing output files: query_distribution.txt
    resources: tmpdir=/tmp

[Fri Nov  1 11:09:39 2024]
Finished job 3.
2 of 5 steps (40%) done
Select jobs to execute...

[Fri Nov  1 11:09:39 2024]
rule rescale_to_reference:
    input: reference_normalized.txt, query_distribution.txt
    output: rescale_to_reference
    jobid: 1
    reason: Missing output files: rescale_to_reference; Input files updated by another job: reference_normalized.txt, query_distribution.txt
    resources: tmpdir=/tmp

[Fri Nov  1 11:09:43 2024]
Finished job 1.
3 of 5 steps (60%) done
Select jobs to execute...

[Fri Nov  1 11:09:43 2024]
rule plot_rescaled_distribution:
    input: reference_normalized.txt, rescale_to_reference
    output: rescale_plot.png
    jobid: 4
    reason: Missing output files: rescale_plot.png; Input files updated by another job: rescale_to_reference, reference_normalized.txt
    resources: tmpdir=/tmp

Shutting down, this might take some time.
Exiting because a job execution failed. Look above for error message
Complete log: .snakemake/log/2024-11-01T110901.688661.snakemake.log
